Added Component: Designator=U1(LQFP48)
Added Pin To Net: NetName=+3.3V Pin=U1-1
Added Pin To Net: NetName=XTAL Pin=U1-5
Added Pin To Net: NetName=NRST Pin=U1-7
Added Pin To Net: NetName=GND Pin=U1-8
Added Pin To Net: NetName=+3.3V Pin=U1-9
Added Pin To Net: NetName=SPARE1 Pin=U1-10
Added Pin To Net: NetName=AD_POW Pin=U1-11
Added Pin To Net: NetName=TTL2_TX Pin=U1-12
Added Pin To Net: NetName=TTL2_RX Pin=U1-13
Added Pin To Net: NetName=KEYBEEP Pin=U1-14
Added Pin To Net: NetName=KEYSHOCK1 Pin=U1-15
Added Pin To Net: NetName=KEYSHOCK2 Pin=U1-16
Added Pin To Net: NetName=KEYENTER Pin=U1-17
Added Pin To Net: NetName=KEY0 Pin=U1-18
Added Pin To Net: NetName=KEY1 Pin=U1-19
Added Pin To Net: NetName=KEY2 Pin=U1-20
Added Pin To Net: NetName=TTL3_TX Pin=U1-21
Added Pin To Net: NetName=TTL3_RX Pin=U1-22
Added Pin To Net: NetName=GND Pin=U1-23
Added Pin To Net: NetName=+3.3V Pin=U1-24
Added Pin To Net: NetName=SPARE2 Pin=U1-25
Added Pin To Net: NetName=SPARE3 Pin=U1-26
Added Pin To Net: NetName=SPARE4 Pin=U1-27
Added Pin To Net: NetName=SPARE5 Pin=U1-28
Added Pin To Net: NetName=KEYDELETE Pin=U1-29
Added Pin To Net: NetName=TTL1_TX Pin=U1-30
Added Pin To Net: NetName=TTL1_RX Pin=U1-31
Added Pin To Net: NetName=TESTLED1 Pin=U1-32
Added Pin To Net: NetName=TESTLED2 Pin=U1-33
Added Pin To Net: NetName=SWDIO Pin=U1-34
Added Pin To Net: NetName=GND Pin=U1-35
Added Pin To Net: NetName=+3.3V Pin=U1-36
Added Pin To Net: NetName=SWCLK Pin=U1-37
Added Pin To Net: NetName=POWLED Pin=U1-38
Added Pin To Net: NetName=KEY3 Pin=U1-39
Added Pin To Net: NetName=KEY4 Pin=U1-40
Added Pin To Net: NetName=KEY5 Pin=U1-41
Added Pin To Net: NetName=KEY6 Pin=U1-42
Added Pin To Net: NetName=KEY7 Pin=U1-43
Added Pin To Net: NetName=BOOT0 Pin=U1-44
Added Pin To Net: NetName=KEY8 Pin=U1-45
Added Pin To Net: NetName=KEY9 Pin=U1-46
Added Pin To Net: NetName=GND Pin=U1-47
Added Pin To Net: NetName=+3.3V Pin=U1-48
