Change Component Designator: Old Designator=C1 New Designator=C?
Change Component Designator: Old Designator=C2 New Designator=C?
Change Component Designator: Old Designator=C3 New Designator=C?
Change Component Designator: Old Designator=C4 New Designator=C?
Change Component Designator: Old Designator=C5 New Designator=C?
Change Component Designator: Old Designator=C6 New Designator=C?
Change Component Designator: Old Designator=C7 New Designator=C?
Change Component Designator: Old Designator=D1 New Designator=D?
Change Component Designator: Old Designator=D2 New Designator=D?
Change Component Designator: Old Designator=D3 New Designator=D?
Change Component Designator: Old Designator=J2 New Designator=J?
Change Component Designator: Old Designator=R1 New Designator=R?
Change Component Designator: Old Designator=R2 New Designator=R?
Change Component Designator: Old Designator=R3 New Designator=R?
Change Component Designator: Old Designator=R3 New Designator=R?
Change Component Designator: Old Designator=R4 New Designator=R?
Change Component Designator: Old Designator=R5 New Designator=R?
Change Component Designator: Old Designator=R6 New Designator=R?
Change Component Designator: Old Designator=R7 New Designator=R?
Change Component Designator: Old Designator=R8 New Designator=R?
Change Component Designator: Old Designator=U1 New Designator=U?
Change Component Designator: Old Designator=Y1 New Designator=Y?
