Removed Pin From Net: NetName=+5V Pin=C2-1
Removed Pin From Net: NetName=GND Pin=C5-1
Removed Pin From Net: NetName=+5V Pin=C5-2
Removed Pin From Net: NetName=+3.3V Pin=C6-1
Removed Pin From Net: NetName=GND Pin=C6-2
Removed Pin From Net: NetName=GND Pin=C7-2
Removed Pin From Net: NetName=+5V Pin=R1-1
Removed Pin From Net: NetName=+5V Pin=U1-5
Removed Pin From Net: NetName=+5V Pin=U2-1
Removed Pin From Net: NetName=GND Pin=U2-2
Removed Pin From Net: NetName=+5V Pin=U2-3
Removed Pin From Net: NetName=+3.3V Pin=U2-5
Removed Member From Class: ClassName=µç×Ó½Å¿ÛÖÕ¶ËÖ÷¿Ø°å Member=C15
Removed Member From Class: ClassName=µç×Ó½Å¿ÛÖÕ¶ËÖ÷¿Ø°å Member=C16
Removed Member From Class: ClassName=µç×Ó½Å¿ÛÖÕ¶ËÖ÷¿Ø°å Member=C17
Removed Member From Class: ClassName=µç×Ó½Å¿ÛÖÕ¶ËÖ÷¿Ø°å Member=U4
Change Component Designator: OldDesignator=C8 NewDesignator=C5
Change Component Designator: OldDesignator=C9 NewDesignator=C6
Change Component Designator: OldDesignator=C10 NewDesignator=C7
Change Component Designator: OldDesignator=C11 NewDesignator=C8
Change Component Designator: OldDesignator=C12 NewDesignator=C9
Change Component Designator: OldDesignator=C13 NewDesignator=C10
Change Component Designator: OldDesignator=C14 NewDesignator=C11
Change Component Designator: OldDesignator=C15 NewDesignator=C12
Change Component Designator: OldDesignator=C16 NewDesignator=C13
Change Component Designator: OldDesignator=C17 NewDesignator=C14
Change Component Designator: OldDesignator=U3 NewDesignator=U2
Change Component Designator: OldDesignator=U4 NewDesignator=U3
Added Pin To Net: NetName=+3.3V Pin=C2-1
Added Pin To Net: NetName=+3.3V Pin=R1-1
Added Pin To Net: NetName=+3.3V Pin=U1-5
Change Net Name : Old Net Name=NetC14_2 New Net Name=NetC11_2
