Removed Pin From Net: NetName=+5V Pin=G1-1
Removed Pin From Net: NetName=SHOCK- Pin=G1-3
Removed Pin From Net: NetName=GND Pin=G1-4
Removed Pin From Net: NetName=BAT Pin=G1-5
Removed Pin From Net: NetName=SHOCK- Pin=J1-4
Removed Pin From Net: NetName=GND Pin=Q2-2
Removed Member From Class: ClassName=µç×Ó½Å¿ÛÖÕ¶ËÖ÷¿Ø°å Member=G1
Change Component DesignItemId : Designator=J1 Old DesignItemId=Jack 1x4 New DesignItemId=Jack 1x3
Change Component DesignItemId : Designator=Q2 Old DesignItemId=S8050 New DesignItemId=MJD122
Change Component Footprint: Designator=J1 Old Footprint=Jk1*4-2.0 New Footprint=Jk1*3-2.0
Change Component Footprint: Designator=Q2 Old Footprint=SOT-23 New Footprint=TO-252
Change Component Comment : Designator=J1 Old Comment=Jack 1x4 New Comment=Jack 1x3
Change Component Comment : Designator=Q2 Old Comment=S8050 New Comment=NJD35N04G
Change Component Designator: OldDesignator=C3 NewDesignator=C4
Change Component Designator: OldDesignator=C4 NewDesignator=C3
Change Component Designator: OldDesignator=R4 NewDesignator=R3
Change Component Designator: OldDesignator=R5 NewDesignator=R4
Change Component Designator: OldDesignator=R6 NewDesignator=R5
Change Component Designator: OldDesignator=R7 NewDesignator=R6
Change Component Designator: OldDesignator=R8 NewDesignator=R7
Change Component Designator: OldDesignator=R9 NewDesignator=R8
Change Component Designator: OldDesignator=R10 NewDesignator=R9
Change Component Designator: OldDesignator=R11 NewDesignator=R10
Change Component Designator: OldDesignator=R12 NewDesignator=R11
Change Component Designator: OldDesignator=R13 NewDesignator=R12
Change Component Designator: OldDesignator=R14 NewDesignator=R13
Change Component Designator: OldDesignator=R15 NewDesignator=R14
Change Component Designator: OldDesignator=R16 NewDesignator=R15
Change Component Designator: OldDesignator=R17 NewDesignator=R16
Change Component Designator: OldDesignator=R18 NewDesignator=R17
Added Pin To Net: NetName=BAT Pin=C3-1
Added Pin To Net: NetName=SHOCK- Pin=J1-3
Added Pin To Net: NetName=SHOCK- Pin=Q2-2
Added Pin To Net: NetName=GND Pin=Q2-3
Change Net Name : Old Net Name=NetC3_1 New Net Name=NetC4_1
Change Net Name : Old Net Name=NetR5_2 New Net Name=NetR4_2
Change Net Name : Old Net Name=NetR17_2 New Net Name=NetR16_2
Change Net Name : Old Net Name=NetR18_2 New Net Name=NetR17_2
