Removed Pin From Net: NetName=LEDRED Pin=D4-1
Removed Pin From Net: NetName=BAT Pin=J4-3
Removed Pin From Net: NetName=NetB1_2 Pin=Q2-3
Removed Pin From Net: NetName=GND Pin=Q3-2
Removed Pin From Net: NetName=+3.3V Pin=R10-2
Removed Pin From Net: NetName=DECCUT Pin=R11-2
Removed Pin From Net: NetName=DECCUT Pin=R14-1
Removed Pin From Net: NetName=GND Pin=R14-2
Removed Pin From Net: NetName=YL_SET Pin=R15-1
Removed Pin From Net: NetName=NetQ3_1 Pin=R15-2
Removed Pin From Net: NetName=GND Pin=R16-1
Removed Pin From Net: NetName=NetQ3_1 Pin=R16-2
Removed Pin From Net: NetName=GND Pin=R20-1
Removed Pin From Net: NetName=NetQ5_1 Pin=R20-2
Removed Pin From Net: NetName=LEDBLUE Pin=R32-1
Removed Pin From Net: NetName=+3.3V Pin=S1-2
Removed Pin From Net: NetName=CTRBEEP Pin=U2-13
Removed Member From Class: ClassName=电子脚铐本体主控板 Member=J6
Removed Member From Class: ClassName=电子脚铐本体主控板 Member=Q10
Removed Member From Class: ClassName=电子脚铐本体主控板 Member=R32
Removed Member From Class: ClassName=电子脚铐本体主控板 Member=R33
Change Component DesignItemId : Designator=Q3 Old DesignItemId=S8050 New DesignItemId=S8550
Change Component Comment : Designator=R11 Old Comment=1K New Comment=200K
Change Component Comment : Designator=R7 Old Comment=100K New Comment=10K
Change Component Comment : Designator=R13 Old Comment=100K New Comment=10K
Change Component Comment : Designator=R29 Old Comment=100K New Comment=10K
Change Component Comment : Designator=R4 Old Comment=300K New Comment=20K
Change Component Comment : Designator=R10 Old Comment=300K New Comment=20K
Change Component Comment : Designator=R19 Old Comment=300k New Comment=20K
Change Component Comment : Designator=R28 Old Comment=300K New Comment=20K
Change Component Comment : Designator=R12 Old Comment=300K New Comment=100K
Change Component Comment : Designator=R2 Old Comment=300K New Comment=200K
Change Component Comment : Designator=R3 Old Comment=300K New Comment=200K
Change Component Comment : Designator=R17 Old Comment=300K New Comment=200K
Change Component Comment : Designator=R22 Old Comment=300K New Comment=200K
Change Component Comment : Designator=R24 Old Comment=300K New Comment=200K
Change Component Comment : Designator=R25 Old Comment=300K New Comment=200K
Change Component Comment : Designator=R26 Old Comment=300K New Comment=200K
Change Component Comment : Designator=Q3 Old Comment=S8050 New Comment=S8550
Change Component Designator: OldDesignator=D2 NewDesignator=D1
Change Component Designator: OldDesignator=D3 NewDesignator=D2
Change Component Designator: OldDesignator=D4 NewDesignator=D3
Change Component Designator: OldDesignator=J5 NewDesignator=J4
Change Component Designator: OldDesignator=J6 NewDesignator=J5
Change Component Designator: OldDesignator=Q7 NewDesignator=Q6
Change Component Designator: OldDesignator=Q8 NewDesignator=Q7
Change Component Designator: OldDesignator=Q9 NewDesignator=Q8
Change Component Designator: OldDesignator=Q10 NewDesignator=Q9
Change Component Designator: OldDesignator=R17 NewDesignator=R14
Change Component Designator: OldDesignator=R18 NewDesignator=R15
Change Component Designator: OldDesignator=R19 NewDesignator=R16
Change Component Designator: OldDesignator=R22 NewDesignator=R18
Change Component Designator: OldDesignator=R23 NewDesignator=R19
Change Component Designator: OldDesignator=R24 NewDesignator=R20
Change Component Designator: OldDesignator=R25 NewDesignator=R21
Change Component Designator: OldDesignator=R26 NewDesignator=R22
Change Component Designator: OldDesignator=R27 NewDesignator=R23
Change Component Designator: OldDesignator=R28 NewDesignator=R24
Change Component Designator: OldDesignator=R29 NewDesignator=R26
Change Component Designator: OldDesignator=R32 NewDesignator=R27
Change Component Designator: OldDesignator=R33 NewDesignator=R28
Change Component Description : Designator=Q3 Old Description=NPN triode, 0.5A Max New Description=PNP triode
Added Component: Designator=D4(Jk1*2-2.0)
Added Component: Designator=R17(R0603)
Added Component: Designator=R25(R0603)
Added Component: Designator=R29(R0603)
Added Pin To Net: NetName=LEDRED Pin=D3-2
Added Pin To Net: NetName=LEDBLUE Pin=D4-2
Added Pin To Net: NetName=+3.3V Pin=Q3-2
Added Pin To Net: NetName=DECCUT Pin=Q3-3
Added Pin To Net: NetName=+3.3V Pin=R10-1
Added Pin To Net: NetName=+3.3V Pin=R11-1
Added Pin To Net: NetName=NetQ3_1 Pin=R11-2
Added Pin To Net: NetName=NetQ3_1 Pin=R12-1
Added Pin To Net: NetName=NetQ5_1 Pin=R17-1
Added Pin To Net: NetName=GND Pin=R17-2
Added Pin To Net: NetName=+3.3V Pin=R27-1
Added Pin To Net: NetName=+3.3V Pin=R29-1
Added Pin To Net: NetName=GND Pin=S1-1
Added Pin To Net: NetName=CTRBEEP Pin=U2-33
Change Net Name : Old Net Name=NetQ7_1 New Net Name=NetQ6_1
Change Net Name : Old Net Name=NetQ7_3 New Net Name=NetQ6_3
Change Net Name : Old Net Name=NetQ8_1 New Net Name=NetQ7_1
Change Net Name : Old Net Name=NetQ8_3 New Net Name=NetQ7_3
Change Net Name : Old Net Name=NetQ9_1 New Net Name=NetQ8_1
Added Pin To Net: NetName=ADDECCUT Pin=Q2-1
Added Pin To Net: NetName=ADDECCUT Pin=R10-2
Added Pin To Net: NetName=ADDECCUT Pin=R13-2
Added Pin To Net: NetName=ADDECCUT Pin=S1-2
Added Pin To Net: NetName=ADDECCUT Pin=U2-13
Added Net: Name=ADDECCUT
Added Pin To Net: NetName=NetD3_1 Pin=D3-1
Added Pin To Net: NetName=NetD3_1 Pin=R27-2
Added Net: Name=NetD3_1
Added Pin To Net: NetName=NetD4_1 Pin=D4-1
Added Pin To Net: NetName=NetD4_1 Pin=R29-2
Added Net: Name=NetD4_1
Added Pin To Net: NetName=NetQ2_3 Pin=Q2-3
Added Pin To Net: NetName=NetQ2_3 Pin=R12-2
Added Net: Name=NetQ2_3
Added Pin To Net: NetName=NetQ8_3 Pin=Q8-3
Added Pin To Net: NetName=NetQ8_3 Pin=R21-2
Added Pin To Net: NetName=NetQ8_3 Pin=R25-2
Added Net: Name=NetQ8_3
Added Pin To Net: NetName=NetQ9_1 Pin=Q9-1
Added Pin To Net: NetName=NetQ9_1 Pin=R25-1
Added Net: Name=NetQ9_1
