Removed Pin From Net: NetName=NetQ3_1 Pin=Q3-1
Removed Pin From Net: NetName=GND Pin=Q3-2
Removed Pin From Net: NetName=YL_ENOUT Pin=Q3-3
Removed Pin From Net: NetName=NetQ5_1 Pin=Q5-1
Removed Pin From Net: NetName=GND Pin=Q5-2
Removed Pin From Net: NetName=NetQ2_3 Pin=Q5-3
Removed Pin From Net: NetName=+3.3V Pin=R2-1
Removed Pin From Net: NetName=NetC5_1 Pin=R2-2
Removed Pin From Net: NetName=TTL1_TX Pin=R9-2
Removed Pin From Net: NetName=NetQ2_1 Pin=R10-1
Removed Pin From Net: NetName=GND Pin=R10-2
Removed Pin From Net: NetName=TTL1_RX Pin=R11-2
Removed Pin From Net: NetName=NetD2_1 Pin=R13-1
Removed Pin From Net: NetName=AD_KEY2 Pin=R13-2
Removed Pin From Net: NetName=GND Pin=R18-1
Removed Pin From Net: NetName=AD_KEY1 Pin=R18-2
Removed Pin From Net: NetName=GND Pin=R19-1
Removed Pin From Net: NetName=AD_KEY2 Pin=R19-2
Removed Pin From Net: NetName=GND Pin=R21-1
Removed Pin From Net: NetName=NetQ3_1 Pin=R21-2
Removed Pin From Net: NetName=+3.3V Pin=R27-1
Removed Pin From Net: NetName=NetD5_1 Pin=R27-2
Removed Member From Class: ClassName=电子脚铐手表主控板 Member=R13
Change Component Comment : Designator=R9 Old Comment=200K New Comment=10K
Change Component Designator: OldDesignator=R9 NewDesignator=R10
Change Component Designator: OldDesignator=R11 NewDesignator=R13
Change Component Description : Designator=R10 Old Description=Resistor New Description=
Change Component Description : Designator=R13 Old Description=Resistor New Description=
Change Component Library : Designator=R10 Old Library=Passive Components Class.SchLib New Library=RLCYDF.SchLib
Change Component Library : Designator=R13 Old Library=Passive Components Class.SchLib New Library=RLCYDF.SchLib
Added Component: Designator=Q3(SOT-23)
Added Component: Designator=Q5(SOT-23)
Added Component: Designator=R2(R0603)
Added Component: Designator=R18(R0603)
Added Component: Designator=R19(R0603)
Added Component: Designator=R21(R0603)
Added Component: Designator=R27(R0603)
Added Pin To Net: NetName=NetQ3_1 Pin=Q3-1
Added Pin To Net: NetName=GND Pin=Q3-2
Added Pin To Net: NetName=YL_ENOUT Pin=Q3-3
Added Pin To Net: NetName=NetQ5_1 Pin=Q5-1
Added Pin To Net: NetName=GND Pin=Q5-2
Added Pin To Net: NetName=NetQ2_3 Pin=Q5-3
Added Pin To Net: NetName=+3.3V Pin=R2-1
Added Pin To Net: NetName=NetC5_1 Pin=R2-2
Added Pin To Net: NetName=NetQ2_1 Pin=R10-1
Added Pin To Net: NetName=GND Pin=R10-2
Added Pin To Net: NetName=NetD2_1 Pin=R13-1
Added Pin To Net: NetName=AD_KEY2 Pin=R13-2
Added Pin To Net: NetName=GND Pin=R18-1
Added Pin To Net: NetName=AD_KEY1 Pin=R18-2
Added Pin To Net: NetName=GND Pin=R19-1
Added Pin To Net: NetName=AD_KEY2 Pin=R19-2
Added Pin To Net: NetName=GND Pin=R21-1
Added Pin To Net: NetName=NetQ3_1 Pin=R21-2
Added Pin To Net: NetName=+3.3V Pin=R27-1
Added Pin To Net: NetName=NetD5_1 Pin=R27-2
Added Pin To Net: NetName=TTL1_TX Pin=U2-4
Added Pin To Net: NetName=TTL1_RX Pin=U2-5
